<?xml version="1.0" encoding="UTF-8"?>
<!-- Generated by org.testng.reporters.JUnitReportReporter -->
<testsuite skipped="0" hostname="LAPTOP-BUJ6DFDF" name="com.api.test.CreateStudent" tests="2" failures="0" timestamp="18 Jan 2021 17:05:22 GMT" time="3.169" errors="0">
  <testcase name="CreateStudentPayloadPOJO" time="3.082" classname="com.api.test.CreateStudent"/>
  <testcase name="CreateStudentPayloadString" time="0.087" classname="com.api.test.CreateStudent"/>
</testsuite> <!-- com.api.test.CreateStudent -->
