<?xml version="1.0" encoding="UTF-8"?>
<!-- Generated by org.testng.reporters.JUnitReportReporter -->
<testsuite skipped="0" hostname="priyakapoor-Dev-Latitude-5491" name="com.api.test.DeleteProjectFCR" tests="2" failures="0" timestamp="21 Jan 2021 15:01:57 GMT" time="4.506" errors="0">
  <testcase name="FcrProjectCreation" time="2.603" classname="com.api.test.DeleteProjectFCR"/>
  <testcase name="DeleteFcrProject" time="1.903" classname="com.api.test.DeleteProjectFCR"/>
</testsuite> <!-- com.api.test.DeleteProjectFCR -->
