<?xml version="1.0" encoding="UTF-8"?>
<!-- Generated by org.testng.reporters.JUnitReportReporter -->
<testsuite skipped="0" hostname="priyakapoor-Dev-Latitude-5491" name="com.api.test.LoginFCR" tests="1" failures="0" timestamp="20 Jan 2021 12:41:03 GMT" time="1.936" errors="0">
  <testcase name="ProjectCreation" time="1.936" classname="com.api.test.LoginFCR"/>
</testsuite> <!-- com.api.test.LoginFCR -->
