<?xml version="1.0" encoding="UTF-8"?>
<!-- Generated by org.testng.reporters.JUnitReportReporter -->
<testsuite skipped="0" hostname="priyakapoor-Dev-Latitude-5491" name="com.api.test.ProjectCreationFCR" tests="1" failures="0" timestamp="21 Jan 2021 15:00:30 GMT" time="2.535" errors="0">
  <testcase name="FcrProjectCreation" time="2.535" classname="com.api.test.ProjectCreationFCR"/>
</testsuite> <!-- com.api.test.ProjectCreationFCR -->
