<?xml version="1.0" encoding="UTF-8"?>
<!-- Generated by org.testng.reporters.JUnitReportReporter -->
<testsuite skipped="0" hostname="priyakapoor-Dev-Latitude-5491" name="com.api.test.APIKeyFCR" tests="2" failures="0" timestamp="21 Jan 2021 15:42:18 GMT" time="5.601" errors="0">
  <testcase name="FetchFcrApiKey" time="2.037" classname="com.api.test.APIKeyFCR"/>
  <testcase name="FcrProjectCreation" time="3.564" classname="com.api.test.APIKeyFCR"/>
</testsuite> <!-- com.api.test.APIKeyFCR -->
