<?xml version="1.0" encoding="UTF-8"?>
<!-- Generated by org.testng.reporters.JUnitReportReporter -->
<testsuite skipped="0" hostname="LAPTOP-BUJ6DFDF" name="com.api.test.GetStudentAPI" tests="4" failures="0" timestamp="14 Jan 2021 16:13:43 GMT" time="1.831" errors="0">
  <testcase name="GetAllStudents" time="1.527" classname="com.api.test.GetStudentAPI"/>
  <testcase name="GetStudentOfId7" time="0.057" classname="com.api.test.GetStudentAPI"/>
  <testcase name="GetStatusCode" time="0.129" classname="com.api.test.GetStudentAPI"/>
  <testcase name="GetSingleLawStudent" time="0.118" classname="com.api.test.GetStudentAPI"/>
</testsuite> <!-- com.api.test.GetStudentAPI -->
