<?xml version="1.0" encoding="UTF-8"?>
<!-- Generated by org.testng.reporters.JUnitReportReporter -->
<testsuite skipped="0" hostname="priyakapoor-Dev-Latitude-5491" name="com.api.test.APIKeyFCR" tests="2" failures="0" timestamp="03 Feb 2021 15:54:00 GMT" time="4.752" errors="0">
  <testcase name="FetchFcrApiKey" time="1.979" classname="com.api.test.APIKeyFCR"/>
  <testcase name="FcrProjectCreation" time="2.773" classname="com.api.test.APIKeyFCR"/>
</testsuite> <!-- com.api.test.APIKeyFCR -->
