<?xml version="1.0" encoding="UTF-8"?>
<!-- Generated by org.testng.reporters.JUnitReportReporter -->
<testsuite skipped="0" hostname="priyakapoor-Dev-Latitude-5491" name="com.api.test.Downloadversion" tests="1" failures="0" timestamp="20 Jan 2021 13:07:31 GMT" time="6.036" errors="0">
  <testcase name="downloadJson" time="6.036" classname="com.api.test.Downloadversion"/>
</testsuite> <!-- com.api.test.Downloadversion -->
