<?xml version="1.0" encoding="UTF-8"?>
<!-- Generated by org.testng.reporters.JUnitReportReporter -->
<testsuite skipped="0" hostname="LAPTOP-BUJ6DFDF" name="com.api.test.UpdateStudent" tests="1" failures="0" timestamp="18 Jan 2021 17:22:32 GMT" time="1.582" errors="0">
  <testcase name="UpdateStudentPayloadPOJO" time="1.582" classname="com.api.test.UpdateStudent"/>
</testsuite> <!-- com.api.test.UpdateStudent -->
